---------------------------------------------------------------------------------------------------
Testul 0 are 10 numere, iar numarul maxim este 1000000

Timp sortare standard limbaj: 0 microsecunde

Timp sortare counting sort: 0 microsecunde
COUNTING SORT ESTE CORECT

Timp sortare merge sort: 0 microsecunde
MERGE SORT ESTE CORECT

Timp sortare quick sort: 0 microsecunde
QUICK SORT ESTE CORECT

Timp sortare raix sort: 0 microsecunde
RADIX SORT ESTE CORECT

---------------------------------------------------------------------------------------------------
Testul 1 are 100 numere, iar numarul maxim este 100

Timp sortare standard limbaj: 0 microsecunde

Timp sortare counting sort: 0 microsecunde
COUNTING SORT ESTE CORECT

Timp sortare merge sort: 0 microsecunde
MERGE SORT ESTE CORECT

Timp sortare quick sort: 0 microsecunde
QUICK SORT ESTE CORECT

Timp sortare raix sort: 0 microsecunde
RADIX SORT ESTE CORECT

---------------------------------------------------------------------------------------------------
Testul 2 are 1000 numere, iar numarul maxim este 10

Timp sortare standard limbaj: 0 microsecunde

Timp sortare counting sort: 0 microsecunde
COUNTING SORT ESTE CORECT

Timp sortare merge sort: 0 microsecunde
MERGE SORT ESTE CORECT

Timp sortare quick sort: 0 microsecunde
QUICK SORT ESTE CORECT

Timp sortare raix sort: 0 microsecunde
RADIX SORT ESTE CORECT

---------------------------------------------------------------------------------------------------
Testul 3 are 1000 numere, iar numarul maxim este 10000

Timp sortare standard limbaj: 0 microsecunde

Timp sortare counting sort: 0 microsecunde
COUNTING SORT ESTE CORECT

Timp sortare merge sort: 0 microsecunde
MERGE SORT ESTE CORECT

Timp sortare quick sort: 0 microsecunde
QUICK SORT ESTE CORECT

Timp sortare raix sort: 0 microsecunde
RADIX SORT ESTE CORECT

---------------------------------------------------------------------------------------------------
Testul 4 are 10000 numere, iar numarul maxim este 1000

Timp sortare standard limbaj: 0 microsecunde

Timp sortare counting sort: 0 microsecunde
COUNTING SORT ESTE CORECT

Timp sortare merge sort: 7973 microsecunde
MERGE SORT ESTE CORECT

Timp sortare quick sort: 8031 microsecunde
QUICK SORT ESTE CORECT

Timp sortare raix sort: 0 microsecunde
RADIX SORT ESTE CORECT

---------------------------------------------------------------------------------------------------
Testul 5 are 10000 numere, iar numarul maxim este 100000

Timp sortare standard limbaj: 0 microsecunde

Timp sortare counting sort: 0 microsecunde
COUNTING SORT ESTE CORECT

Timp sortare merge sort: 0 microsecunde
MERGE SORT ESTE CORECT

Timp sortare quick sort: 23998 microsecunde
QUICK SORT ESTE CORECT

Timp sortare raix sort: 0 microsecunde
RADIX SORT ESTE CORECT

---------------------------------------------------------------------------------------------------
Testul 6 are 100000 numere, iar numarul maxim este 1000

Timp sortare standard limbaj: 23999 microsecunde

Timp sortare counting sort: 0 microsecunde
COUNTING SORT ESTE CORECT

Timp sortare merge sort: 43081 microsecunde
MERGE SORT ESTE CORECT

Timp sortare quick sort: 127067 microsecunde
QUICK SORT ESTE CORECT

Timp sortare raix sort: 0 microsecunde
RADIX SORT ESTE CORECT

---------------------------------------------------------------------------------------------------
Testul 7 are 100000 numere, iar numarul maxim este 100000

Timp sortare standard limbaj: 15997 microsecunde

Timp sortare counting sort: 0 microsecunde
COUNTING SORT ESTE CORECT

Timp sortare merge sort: 18264 microsecunde
MERGE SORT ESTE CORECT

Timp sortare quick sort: 385668 microsecunde
QUICK SORT ESTE CORECT

Timp sortare raix sort: 28703 microsecunde
RADIX SORT ESTE CORECT

---------------------------------------------------------------------------------------------------
Testul 8 are 100000 numere, iar numarul maxim este 1000000

Timp sortare standard limbaj: 31280 microsecunde

Timp sortare counting sort: 0 microsecunde
COUNTING SORT ESTE CORECT

Timp sortare merge sort: 31237 microsecunde
MERGE SORT ESTE CORECT

Timp sortare quick sort: 158518 microsecunde
QUICK SORT ESTE CORECT

Timp sortare raix sort: 2109 microsecunde
RADIX SORT ESTE CORECT

